127.0.0.1 - - [2020-10-02 16:04:35] "POST /jwt_jitsi HTTP/1.1" 200 797 0.060260
KeyboardInterrupt
2020-10-02T09:04:38Z
PropertyTuple(data='127.0.0.1', meta={})
PropertyTuple(data='5000', meta={})
PropertyTuple(data='/token-secret/public_key.pub', meta={})
PropertyTuple(data='/token-secret/private_key.pem', meta={})
eyJ0eXAiOiJKV1QiLCJhbGciOiJSUzI1NiJ9.eyJjb250ZXh0Ijp7ImlkIjoiYWJjZDphMWIyYzMtZDRlNWY2LTBhYmMxLTIzZGUtYWJjZGVmMDFmZWRjYmEiLCJuYW1lIjoiQmFvIFF1YW5nIFR1IiwiYXZhdGFyIjoiaHR0cHM6L2dyYXZhdGFyLmNvbS9hdmF0YXIvYWJjMTIzIiwiZW1haWwiOm51bGx9LCJpc3MiOiJqaXRzaS1tZWV0LWh5cGVybG9neSIsInN1YiI6Imh5cGVybG9neSIsInJvb20iOiIxMjMiLCJleHAiOjE2MDE2Mjk3NzU1MDR9.BXZDyQP0vgi6DPTl8wLU3VIM6DlomyGZrBwAkwY8RWrHuMldUptA0csXcynkBquQF909HQ0l7dZOmHDkVRqqsCTm5o29m4hDx5rJBIk44j8VRzK7p-Qt2Bal10lDxXEN4ttKV7uj30hR-w2CgZDReIz_FQnLwexZtmOKBFQaw0oxDKZuGuHCfVKCQI-JHrJl-BLTBbjWLEM3363HusqJDqvlkn9h9Y_3rKnv2mSYK1aslZhO25PV5XzBrIfE89l1Ty1BxyAi6e7t0aoyJg_JxUBb_Rr4iT20lrnEEv8Y0kYzVqYV6OyQ55K7TymBZFizM-owksEktUZXL1_Nei31zA
Traceback (most recent call last):
  File "src/app.py", line 22, in <module>
    app_server.serve_forever()
  File "/usr/local/lib/python3.6/dist-packages/gevent/baseserver.py", line 400, in serve_forever
    self._stop_event.wait()
  File "src/gevent/event.py", line 159, in gevent._gevent_cevent.Event.wait
  File "src/gevent/_abstract_linkable.py", line 381, in gevent._gevent_c_abstract_linkable.AbstractLinkable._wait
  File "src/gevent/_abstract_linkable.py", line 346, in gevent._gevent_c_abstract_linkable.AbstractLinkable._wait_core
  File "src/gevent/_abstract_linkable.py", line 348, in gevent._gevent_c_abstract_linkable.AbstractLinkable._wait_core
  File "src/gevent/_abstract_linkable.py", line 303, in gevent._gevent_c_abstract_linkable.AbstractLinkable._AbstractLinkable__wait_to_be_notified
  File "src/gevent/_greenlet_primitives.py", line 61, in gevent._gevent_c_greenlet_primitives.SwitchOutGreenletWithLoop.switch
  File "src/gevent/_greenlet_primitives.py", line 61, in gevent._gevent_c_greenlet_primitives.SwitchOutGreenletWithLoop.switch
  File "src/gevent/_greenlet_primitives.py", line 65, in gevent._gevent_c_greenlet_primitives.SwitchOutGreenletWithLoop.switch
  File "src/gevent/_gevent_c_greenlet_primitives.pxd", line 35, in gevent._gevent_c_greenlet_primitives._greenlet_switch
KeyboardInterrupt
PropertyTuple(data='0.0.0.0', meta={})
PropertyTuple(data='5000', meta={})
Traceback (most recent call last):
  File "src/app.py", line 22, in <module>
    app_server.serve_forever()
  File "/usr/local/lib/python3.6/dist-packages/gevent/baseserver.py", line 398, in serve_forever
    self.start()
  File "/usr/local/lib/python3.6/dist-packages/gevent/baseserver.py", line 336, in start
    self.init_socket()
  File "/usr/local/lib/python3.6/dist-packages/gevent/pywsgi.py", line 1500, in init_socket
    StreamServer.init_socket(self)
  File "/usr/local/lib/python3.6/dist-packages/gevent/server.py", line 180, in init_socket
    self.socket = self.get_listener(self.address, self.backlog, self.family)
  File "/usr/local/lib/python3.6/dist-packages/gevent/server.py", line 192, in get_listener
    return _tcp_listener(address, backlog=backlog, reuse_addr=cls.reuse_addr, family=family)
  File "/usr/local/lib/python3.6/dist-packages/gevent/server.py", line 288, in _tcp_listener
    sock.bind(address)
OSError: [Errno 98] Address already in use: ('0.0.0.0', 5000)
PropertyTuple(data='0.0.0.0', meta={})
PropertyTuple(data='5000', meta={})
Traceback (most recent call last):
  File "src/app.py", line 22, in <module>
    app_server.serve_forever()
  File "/usr/local/lib/python3.6/dist-packages/gevent/baseserver.py", line 398, in serve_forever
    self.start()
  File "/usr/local/lib/python3.6/dist-packages/gevent/baseserver.py", line 336, in start
    self.init_socket()
  File "/usr/local/lib/python3.6/dist-packages/gevent/pywsgi.py", line 1500, in init_socket
    StreamServer.init_socket(self)
  File "/usr/local/lib/python3.6/dist-packages/gevent/server.py", line 180, in init_socket
    self.socket = self.get_listener(self.address, self.backlog, self.family)
  File "/usr/local/lib/python3.6/dist-packages/gevent/server.py", line 192, in get_listener
    return _tcp_listener(address, backlog=backlog, reuse_addr=cls.reuse_addr, family=family)
  File "/usr/local/lib/python3.6/dist-packages/gevent/server.py", line 288, in _tcp_listener
    sock.bind(address)
OSError: [Errno 98] Address already in use: ('0.0.0.0', 5000)
PropertyTuple(data='172.18.20.103', meta={})
PropertyTuple(data='80', meta={})
Traceback (most recent call last):
  File "src/app.py", line 22, in <module>
    app_server.serve_forever()
  File "/usr/local/lib/python3.6/dist-packages/gevent/baseserver.py", line 398, in serve_forever
    self.start()
  File "/usr/local/lib/python3.6/dist-packages/gevent/baseserver.py", line 336, in start
    self.init_socket()
  File "/usr/local/lib/python3.6/dist-packages/gevent/pywsgi.py", line 1500, in init_socket
    StreamServer.init_socket(self)
  File "/usr/local/lib/python3.6/dist-packages/gevent/server.py", line 180, in init_socket
    self.socket = self.get_listener(self.address, self.backlog, self.family)
  File "/usr/local/lib/python3.6/dist-packages/gevent/server.py", line 192, in get_listener
    return _tcp_listener(address, backlog=backlog, reuse_addr=cls.reuse_addr, family=family)
  File "/usr/local/lib/python3.6/dist-packages/gevent/server.py", line 288, in _tcp_listener
    sock.bind(address)
OSError: [Errno 98] Address already in use: ('172.18.20.103', 80)
172.20.20.131 - - [2020-10-02 16:17:05] "POST /jwt_jitsi HTTP/1.1" 200 797 0.051584
172.20.20.131 - - [2020-10-02 16:17:08] "POST /jwt_jitsi HTTP/1.1" 200 797 0.012238
172.20.20.131 - - [2020-10-02 16:17:09] "POST /jwt_jitsi HTTP/1.1" 200 797 0.012176
172.20.20.131 - - [2020-10-02 16:17:09] "POST /jwt_jitsi HTTP/1.1" 200 797 0.012328
172.20.20.131 - - [2020-10-02 16:17:10] "POST /jwt_jitsi HTTP/1.1" 200 797 0.012403
172.20.20.131 - - [2020-10-02 16:17:11] "POST /jwt_jitsi HTTP/1.1" 200 797 0.012261
KeyboardInterrupt
2020-10-02T09:17:20Z
PropertyTuple(data='172.18.20.103', meta={})
PropertyTuple(data='8080', meta={})
PropertyTuple(data='/token-secret/public_key.pub', meta={})
PropertyTuple(data='/token-secret/private_key.pem', meta={})
eyJ0eXAiOiJKV1QiLCJhbGciOiJSUzI1NiJ9.eyJjb250ZXh0Ijp7ImlkIjoiYWJjZDphMWIyYzMtZDRlNWY2LTBhYmMxLTIzZGUtYWJjZGVmMDFmZWRjYmEiLCJuYW1lIjoiQmFvIFF1YW5nIFR1IiwiYXZhdGFyIjoiaHR0cHM6L2dyYXZhdGFyLmNvbS9hdmF0YXIvYWJjMTIzIiwiZW1haWwiOm51bGx9LCJpc3MiOiJqaXRzaS1tZWV0LWh5cGVybG9neSIsInN1YiI6Imh5cGVybG9neSIsInJvb20iOiIxMjMiLCJleHAiOjE2MDE2MzA1MjUzMDJ9.csmjnblNuBcyC5pPb8X6gJQuetRwb-xcnZmC2e9bMdAMMMQoC9vAssL9sILii4Q7PRFVjr2Y70dNJ9xpRkMPonqNzuKkXDNoIthUIJqjFLqJdAHN7iS2PGo7Ckrlo3wMdqQEd7tCstVJbutU651MgM-JJFxEeTiXJX8a13lYzhl578yU1ZRILv9qBXJwY0-YvA1McutFiTz9rxms0-98xVOfQI8720Cr2KsBKZdEua39Wb-_RubGkakejxX5z-yVMnTWVHSTr_02ZhTrFrmhVw6y_CMkQB798grw-cQZWeJA2E4K2jHDUkS3f6IptenjsVBNgNQhTc7BuJ0kb4NwdQ
PropertyTuple(data='/token-secret/public_key.pub', meta={})
PropertyTuple(data='/token-secret/private_key.pem', meta={})
eyJ0eXAiOiJKV1QiLCJhbGciOiJSUzI1NiJ9.eyJjb250ZXh0Ijp7ImlkIjoiYWJjZDphMWIyYzMtZDRlNWY2LTBhYmMxLTIzZGUtYWJjZGVmMDFmZWRjYmEiLCJuYW1lIjoiQmFvIFF1YW5nIFR1IiwiYXZhdGFyIjoiaHR0cHM6L2dyYXZhdGFyLmNvbS9hdmF0YXIvYWJjMTIzIiwiZW1haWwiOm51bGx9LCJpc3MiOiJqaXRzaS1tZWV0LWh5cGVybG9neSIsInN1YiI6Imh5cGVybG9neSIsInJvb20iOiIxMjMiLCJleHAiOjE2MDE2MzA1MjgxNDZ9.B3FyN_Zwdq13NGEZZjy--TrWiupg2UuW0ISGcZKEQQ5087HB9MFUbe7_Oa7MXrAwKA16YkQSAp-ga4sef_pk2yC0BNw-b4BbDgaeFa_pHOUB04GKW6glYZoBOjmf6d-rn44ik8c2VwcLL66z_m0QxX7_Kd_cpDA-Au2-rLKgjpUKB436zujbMG0lRoHHo9vkJqxFMx8GKSWeuWYvcAISg9GgOIRNkBcxcQgBgVuYGmLK28KSb7j1ecKlXIF9La4PXCebaRyqIVilbtljEat9T6_5KejQjf06NZzN0us4WsWMkgy3AapkvG1vrzr8gR9vUixQ2p8Ly_xmNpJ-L1of-A
PropertyTuple(data='/token-secret/public_key.pub', meta={})
PropertyTuple(data='/token-secret/private_key.pem', meta={})
eyJ0eXAiOiJKV1QiLCJhbGciOiJSUzI1NiJ9.eyJjb250ZXh0Ijp7ImlkIjoiYWJjZDphMWIyYzMtZDRlNWY2LTBhYmMxLTIzZGUtYWJjZGVmMDFmZWRjYmEiLCJuYW1lIjoiQmFvIFF1YW5nIFR1IiwiYXZhdGFyIjoiaHR0cHM6L2dyYXZhdGFyLmNvbS9hdmF0YXIvYWJjMTIzIiwiZW1haWwiOm51bGx9LCJpc3MiOiJqaXRzaS1tZWV0LWh5cGVybG9neSIsInN1YiI6Imh5cGVybG9neSIsInJvb20iOiIxMjMiLCJleHAiOjE2MDE2MzA1MjkxMDJ9.eMEnLEOI1EJ6VJOocnSFZxvBtSO6vxtC8NOYC6lKasNWmVNIrEyn17KIsPnwyP285mr1sYESs5ep_cSSXCjBtEoikYTlrkFXrYo2O5lXyWUd0I1HNCSd7OHldKJfk4rV12ZUhglLxbmTh4f5Y1r3Dt951cdFgJr3SswBldXlxvDzkQZdEnRgiykrCaRt30rB-GHBsAczMoga_QXuhKyZek4uj76zd9iT-tKoiGe5kXCkE1v041UlWR22uvNkl0eaqmzMFCfShtsy64P2JePLvTNwz3mtk3Mcok1AhdWDl4W96G2KyE-u8S9ZA_5BO-PTR_FOUzijN6XXpt105qLKGA
PropertyTuple(data='/token-secret/public_key.pub', meta={})
PropertyTuple(data='/token-secret/private_key.pem', meta={})
eyJ0eXAiOiJKV1QiLCJhbGciOiJSUzI1NiJ9.eyJjb250ZXh0Ijp7ImlkIjoiYWJjZDphMWIyYzMtZDRlNWY2LTBhYmMxLTIzZGUtYWJjZGVmMDFmZWRjYmEiLCJuYW1lIjoiQmFvIFF1YW5nIFR1IiwiYXZhdGFyIjoiaHR0cHM6L2dyYXZhdGFyLmNvbS9hdmF0YXIvYWJjMTIzIiwiZW1haWwiOm51bGx9LCJpc3MiOiJqaXRzaS1tZWV0LWh5cGVybG9neSIsInN1YiI6Imh5cGVybG9neSIsInJvb20iOiIxMjMiLCJleHAiOjE2MDE2MzA1Mjk3ODR9.a4VuuiaATouDASnWaXHqGsy7WUhdndE7mAcW9Y552eXBFwEsZTO6p6GUPBqW9Nt6Q8AVQgfIaxri3G_5iZLyas0HPtSmJ3IXlHePcbxxelr3IrqqhXvVT7vzF9pRGGjPzKFDJ_KfSsYhgk4chMEhbw0-VHwxzKc3cKc44L_ZN_JMDQJoH2Vr8znQjYPCCXPspLyHNEhBbtK1IEuoTNZL09GwuSMi6uMRlvJulaQyBDA43DJfbULbXwIJEedWSJt54dmLFGN2p2K8QEL-_IREjXp0OOazV19LAmu4bYEJqlfdnmGzzq8MEv3-J4L5D9iFfXIlblUMl3mYa_MUg0nPvA
PropertyTuple(data='/token-secret/public_key.pub', meta={})
PropertyTuple(data='/token-secret/private_key.pem', meta={})
eyJ0eXAiOiJKV1QiLCJhbGciOiJSUzI1NiJ9.eyJjb250ZXh0Ijp7ImlkIjoiYWJjZDphMWIyYzMtZDRlNWY2LTBhYmMxLTIzZGUtYWJjZGVmMDFmZWRjYmEiLCJuYW1lIjoiQmFvIFF1YW5nIFR1IiwiYXZhdGFyIjoiaHR0cHM6L2dyYXZhdGFyLmNvbS9hdmF0YXIvYWJjMTIzIiwiZW1haWwiOm51bGx9LCJpc3MiOiJqaXRzaS1tZWV0LWh5cGVybG9neSIsInN1YiI6Imh5cGVybG9neSIsInJvb20iOiIxMjMiLCJleHAiOjE2MDE2MzA1MzA0NTV9.uXKbSLjcjZTRozF-Z7E9VXSGrEMaAnC7IKwdbYAaqg7S0Vk02hKcjqycSfLqdymvsZ6A93XzmS316BWwMG72vpeVTmtYoXHErbGO3YtG_jaPdos3PrPq39c8a0As7FGDALiRtim363GA56K91jGen11YSiVjuzWhooQCvG90RVAHdl4uyn9YpfotR7YbOx9dm_XVAU-XKW2reWjIGSslQlJcPqo3-6Gq_yp8OeNMk5p1KQQPrneMzIZTC1Q9uTUh2kuP6p419bMRyfhbmNlKIJN-DfpGcUEWYwqVus00N9NDQN9xQiCDsRDRovP451zln6iTMTANCat0UKiqz7WVjw
PropertyTuple(data='/token-secret/public_key.pub', meta={})
PropertyTuple(data='/token-secret/private_key.pem', meta={})
eyJ0eXAiOiJKV1QiLCJhbGciOiJSUzI1NiJ9.eyJjb250ZXh0Ijp7ImlkIjoiYWJjZDphMWIyYzMtZDRlNWY2LTBhYmMxLTIzZGUtYWJjZGVmMDFmZWRjYmEiLCJuYW1lIjoiQmFvIFF1YW5nIFR1IiwiYXZhdGFyIjoiaHR0cHM6L2dyYXZhdGFyLmNvbS9hdmF0YXIvYWJjMTIzIiwiZW1haWwiOm51bGx9LCJpc3MiOiJqaXRzaS1tZWV0LWh5cGVybG9neSIsInN1YiI6Imh5cGVybG9neSIsInJvb20iOiIxMjMiLCJleHAiOjE2MDE2MzA1MzExMzR9.tJnwuY8Zqn6l68EfdkBGfp4HUWs8pp0tnYhERpEYCrg9Iub8icCmfFGzF3m1UlWhWb4DWTz5EvHUoQ79OAwC3n5mmYE83ndSn7rvthsoKs2-tN_wPZgZTXLeY3ZbdHHjAs76RoWN6PYfNfJQ03TPZQzo9u1ES36n61X2W8NLtOJLj2l5WVPAZI1X45GSO9r2R_xCwgRuFbHfVUSN6wBtZEYECzR4MzqevR49prRv2xPnNoLkUhbUx5WYceOFaBVo7u6hiQRy4MuzNLGz7rYgSU7XTQB22EoKjCc0zgQXFmBfkYztTwDDxdU97hJnFk6qhQCm9n_UUfHh2RrO948plQ
Traceback (most recent call last):
  File "src/app.py", line 22, in <module>
    app_server.serve_forever()
  File "/usr/local/lib/python3.6/dist-packages/gevent/baseserver.py", line 400, in serve_forever
    self._stop_event.wait()
  File "src/gevent/event.py", line 159, in gevent._gevent_cevent.Event.wait
  File "src/gevent/_abstract_linkable.py", line 381, in gevent._gevent_c_abstract_linkable.AbstractLinkable._wait
  File "src/gevent/_abstract_linkable.py", line 346, in gevent._gevent_c_abstract_linkable.AbstractLinkable._wait_core
  File "src/gevent/_abstract_linkable.py", line 348, in gevent._gevent_c_abstract_linkable.AbstractLinkable._wait_core
  File "src/gevent/_abstract_linkable.py", line 303, in gevent._gevent_c_abstract_linkable.AbstractLinkable._AbstractLinkable__wait_to_be_notified
  File "src/gevent/_greenlet_primitives.py", line 61, in gevent._gevent_c_greenlet_primitives.SwitchOutGreenletWithLoop.switch
  File "src/gevent/_greenlet_primitives.py", line 61, in gevent._gevent_c_greenlet_primitives.SwitchOutGreenletWithLoop.switch
  File "src/gevent/_greenlet_primitives.py", line 65, in gevent._gevent_c_greenlet_primitives.SwitchOutGreenletWithLoop.switch
  File "src/gevent/_gevent_c_greenlet_primitives.pxd", line 35, in gevent._gevent_c_greenlet_primitives._greenlet_switch
KeyboardInterrupt
KeyboardInterrupt
2020-10-02T11:03:58Z
PropertyTuple(data='172.18.20.103', meta={})
PropertyTuple(data='5000', meta={})
Traceback (most recent call last):
  File "src/app.py", line 22, in <module>
    app_server.serve_forever()
  File "/usr/local/lib/python3.6/dist-packages/gevent/baseserver.py", line 400, in serve_forever
    self._stop_event.wait()
  File "src/gevent/event.py", line 159, in gevent._gevent_cevent.Event.wait
  File "src/gevent/_abstract_linkable.py", line 381, in gevent._gevent_c_abstract_linkable.AbstractLinkable._wait
  File "src/gevent/_abstract_linkable.py", line 346, in gevent._gevent_c_abstract_linkable.AbstractLinkable._wait_core
  File "src/gevent/_abstract_linkable.py", line 348, in gevent._gevent_c_abstract_linkable.AbstractLinkable._wait_core
  File "src/gevent/_abstract_linkable.py", line 303, in gevent._gevent_c_abstract_linkable.AbstractLinkable._AbstractLinkable__wait_to_be_notified
  File "src/gevent/_greenlet_primitives.py", line 61, in gevent._gevent_c_greenlet_primitives.SwitchOutGreenletWithLoop.switch
  File "src/gevent/_greenlet_primitives.py", line 61, in gevent._gevent_c_greenlet_primitives.SwitchOutGreenletWithLoop.switch
  File "src/gevent/_greenlet_primitives.py", line 65, in gevent._gevent_c_greenlet_primitives.SwitchOutGreenletWithLoop.switch
  File "src/gevent/_gevent_c_greenlet_primitives.pxd", line 35, in gevent._gevent_c_greenlet_primitives._greenlet_switch
KeyboardInterrupt
PropertyTuple(data='172.18.20.103', meta={})
PropertyTuple(data='8080', meta={})
PropertyTuple(data='/token-secret/public_key.pub', meta={})
PropertyTuple(data='/token-secret/private_key.pem', meta={})
eyJ0eXAiOiJKV1QiLCJhbGciOiJSUzI1NiJ9.eyJjb250ZXh0Ijp7ImlkIjoiYWJjZDphMWIyYzMtZDRlNWY2LTBhYmMxLTIzZGUtYWJjZGVmMDFmZWRjYmEiLCJuYW1lIjoiQmFvIFF1YW5nIFR1IiwiYXZhdGFyIjoiaHR0cHM6L2dyYXZhdGFyLmNvbS9hdmF0YXIvYWJjMTIzIiwiZW1haWwiOm51bGx9LCJpc3MiOiJqaXRzaS1tZWV0LWh5cGVybG9neSIsInN1YiI6Imh5cGVybG9neSIsInJvb20iOiIxMjMiLCJleHAiOjE2MDE2MzA1NTEzNjN9.NN9FxZ9-Kp2DJTtT1iLGabhc6uJc_zSAyLpVTTzzoA1WmV_2xL2nUazs13f3e5RNdQEDSkQxpzR0ZbLsbol-sgViTXJs5lYm2OPuTjKkYGGsZ7Vxvfp7LIY4Bk7Qwm1FR-7hG7ZolDszciC_JDSeECNpY3sVTmXXe2DPqzxfSodYOpKVT8IH-ufntNFudAWAfE8ZNBp2ErVLhGyRIwgPg5W-tHJCtximPnaTYbczLhfF5UwTZ9Y_UCOPJb0SPK1kI_4QPBuqCK2vG7M59jQMAHAiMJMjbs9xdDR0eN21_vo6kZY38jeDsP5zQw0JXAb36U-LqmXF42ozS_Bvk0BJOQ
PropertyTuple(data='/token-secret/public_key.pub', meta={})
PropertyTuple(data='/token-secret/private_key.pem', meta={})
eyJ0eXAiOiJKV1QiLCJhbGciOiJSUzI1NiJ9.eyJjb250ZXh0Ijp7ImlkIjoiYWJjZDphMWIyYzMtZDRlNWY2LTBhYmMxLTIzZGUtYWJjZGVmMDFmZWRjYmEiLCJuYW1lIjoiQmFvIFF1YW5nIFR1IiwiYXZhdGFyIjoiaHR0cHM6L2dyYXZhdGFyLmNvbS9hdmF0YXIvYWJjMTIzIiwiZW1haWwiOm51bGx9LCJpc3MiOiJqaXRzaS1tZWV0LWh5cGVybG9neSIsInN1YiI6Imh5cGVybG9neSIsInJvb20iOiIxMjMiLCJleHAiOjE2MDE2MzA1NTIxNTh9.elZ_MjIP9qWTgfgviZD7pjLsCfSw8lkmp2cOjzf4BqshljZ4bDdDq6_MlKo1bW1_JGi-7QPrSMMgNt5awo0OQTZAB3fi8WH9I2PO0sb9BK4qjnOgir_uu6VSY6wcatLrl0l05_CiH7zLgCdst4-pJBlfLndAg-n8TZRZOf8bLM39j_qGxHja4t3gmJRQuTHHjRJH_5eHKnZ6LaiY7azvJ9-MQ_MPS4KzrbSEBi6BTr2kHshf-5Kq0n9jMMqLuiCALKGZJrsVca8aU9X85dbpewHPPsbwBblwXGYFLSmNFVefPXgrmy0x2JIN8n7GVwwuPzJ-oMrutDqB3lq6-Wd0jg
PropertyTuple(data='/token-secret/public_key.pub', meta={})
PropertyTuple(data='/token-secret/private_key.pem', meta={})
eyJ0eXAiOiJKV1QiLCJhbGciOiJSUzI1NiJ9.eyJjb250ZXh0Ijp7ImlkIjoiYWJjZDphMWIyYzMtZDRlNWY2LTBhYmMxLTIzZGUtYWJjZGVmMDFmZWRjYmEiLCJuYW1lIjoiQmFvIFF1YW5nIFR1IiwiYXZhdGFyIjoiaHR0cHM6L2dyYXZhdGFyLmNvbS9hdmF0YXIvYWJjMTIzIiwiZW1haWwiOm51bGx9LCJpc3MiOiJqaXRzaS1tZWV0LWh5cGVybG9neSIsInN1YiI6Imh5cGVybG9neSIsInJvb20iOiIxMjMiLCJleHAiOjE2MDE2MzA1NTM0NzR9.BYXfhuTVBZ2Ae2pvUj_SBrv7hq3uee6sNnF434QidjpONlThdbGdSn6UnD8iXL6oXNKk6g4Myc1-ZifkPyzy0H0ci3gG8TiggM4f_xViPJPs_by2_Fabfoaq25fZDAtrMtx2DhP9hHMvWrdgVz1oicxAleitshB9EhhHyLkPVS1c9Y2nwDXiJ8CqicWy4gs7WeIlPXM63CjtHBpP6whkZWk0LxHq4xOKQrOfpVml6Oa_xRh4n2LDK6rGgWgBZQWBmq65A_BNSTvyvrMLxkCr3wEv2aDbzCD-UcBJ5m0-_AeYJap9lozejU-mLDK-jSea2FVknABlKm6rX10a4tphgA
PropertyTuple(data='/token-secret/public_key.pub', meta={})
PropertyTuple(data='/token-secret/private_key.pem', meta={})
eyJ0eXAiOiJKV1QiLCJhbGciOiJSUzI1NiJ9.eyJjb250ZXh0Ijp7ImlkIjoiYWJjZDphMWIyYzMtZDRlNWY2LTBhYmMxLTIzZGUtYWJjZGVmMDFmZWRjYmEiLCJuYW1lIjoiQmFvIFF1YW5nIFR1IiwiYXZhdGFyIjoiaHR0cHM6L2dyYXZhdGFyLmNvbS9hdmF0YXIvYWJjMTIzIiwiZW1haWwiOm51bGx9LCJpc3MiOiJqaXRzaS1tZWV0LWh5cGVybG9neSIsInN1YiI6Imh5cGVybG9neSIsInJvb20iOiIxMjMiLCJleHAiOjE2MDE2MzYyMDE5OTd9.Nj_7zB6yO4XFCsYWMXnuYUcbN-yTwjlZe20uKRgQ_wY95YVerWy5Q2Qf2WG3qIA_4kCmgiHGLPb9UBHQJli7AjHDT_0XPVWZix6jbGU05WMHcvHXaqP3A8Dl57g3JtS0zPmUgn5CpAX-AYtBCoUlGR3FbgiKIikqUwSKTHyJ0e_nOi5UUZPyqYsuPkwO__iiCCZbc7KUgfQy8mPJadAP-qY7bLEZU9obu-pwdwb1l9vD5dtbbNutGWq03OunY9lJFRqPcX9dgidcygb_kvszsLxfquhdgUuFX8j5CRVO_LzuTzXaMkxU-ikV9bml9QrKcnOv08bG0wKPzQatBeXFIw
PropertyTuple(data='/token-secret/public_key.pub', meta={})
PropertyTuple(data='/token-secret/private_key.pem', meta={})
eyJ0eXAiOiJKV1QiLCJhbGciOiJSUzI1NiJ9.eyJjb250ZXh0Ijp7ImlkIjoiYWJjZDphMWIyYzMtZDRlNWY2LTBhYmMxLTIzZGUtYWJjZGVmMDFmZWRjYmEiLCJuYW1lIjoiQmFvIFF1YW5nIFR1IiwiYXZhdGFyIjoiaHR0cHM6L2dyYXZhdGFyLmNvbS9hdmF0YXIvYWJjMTIzIiwiZW1haWwiOm51bGx9LCJpc3MiOiJqaXRzaS1tZWV0LWh5cGVybG9neSIsInN1YiI6Imh5cGVybG9neSIsInJvb20iOiIxMjMiLCJleHAiOjE2MDE2MzYyMDI5NzN9.USb7A6_uZtr_a7mJeieYiCGunWNTw11eqZLPkoO5OCNpJ97yuwFETLgkWXGEEj73FBzeINOZ7Bn3IXaBk7rI5lQDqIqiAA1eEnzTcDrbWQeTadQf3LTssdJqQrGMcMH5fR6pe3VbPvQdgiryY_qo2Qn8BcrDOk5HZ5qnD0kcciEtN5cRvQ0-Bc5_pIBeZlwKPtWfQW7qtPII5-CJSbry_14ghzT4fBKSIeM7ysUKuw8FMxWq8DMrvF9aslmgTtqguH2wy5InuRIsdHsqZIj6hWS7fm_SqE1m3iPacyAH6O1a5RlMbA8RyBkdl1DYt10QPal2ia9xnTAh8i51n0FYSw
PropertyTuple(data='/token-secret/public_key.pub', meta={})
PropertyTuple(data='/token-secret/private_key.pem', meta={})
eyJ0eXAiOiJKV1QiLCJhbGciOiJSUzI1NiJ9.eyJjb250ZXh0Ijp7ImlkIjoiYWJjZDphMWIyYzMtZDRlNWY2LTBhYmMxLTIzZGUtYWJjZGVmMDFmZWRjYmEiLCJuYW1lIjoiQmFvIFF1YW5nIFR1IiwiYXZhdGFyIjoiaHR0cHM6L2dyYXZhdGFyLmNvbS9hdmF0YXIvYWJjMTIzIiwiZW1haWwiOm51bGx9LCJpc3MiOiJqaXRzaS1tZWV0LWh5cGVybG9neSIsInN1YiI6Imh5cGVybG9neSIsInJvb20iOiIxMjMiLCJleHAiOjE2MDE2MzYyMDM3ODl9.OWd1WDeAeDmJnu2R8SaFLxT6s_qOnumlKDpGDrXtvl9Fi9CFzVsrwA6Siw4ID3koSOUSKfu8ZNySntBoiK8YTePvJuZ1WV_4eKqrb19I0TpWUY5ExJZfhP0RaFfzW2r9-aDa7oq4ngpqXU3IQ_oyZ3RDkLKpTvEu03ISx0tbifjfo8gC-ViiBLScUQMYFbGtKe7snmQ8PSkwxFUZZ3bOGrnCBf_NTcWXRBMSlfs-4tnv3q8JtPxyKtGATaYo94TkqF8UmFuI0FI91MxvfB9GCcuYMl5OFO89Ui7mYdy3wGNfGeAfMKpQ8_TF-rJSadkuC3RfH_Bkt978xwgKWJkqWg
PropertyTuple(data='/token-secret/public_key.pub', meta={})
PropertyTuple(data='/token-secret/private_key.pem', meta={})
eyJ0eXAiOiJKV1QiLCJhbGciOiJSUzI1NiJ9.eyJjb250ZXh0Ijp7ImlkIjoiYWJjZDphMWIyYzMtZDRlNWY2LTBhYmMxLTIzZGUtYWJjZGVmMDFmZWRjYmEiLCJuYW1lIjoiQmFvIFF1YW5nIFR1IiwiYXZhdGFyIjoiaHR0cHM6L2dyYXZhdGFyLmNvbS9hdmF0YXIvYWJjMTIzIiwiZW1haWwiOm51bGx9LCJpc3MiOiJqaXRzaS1tZWV0LWh5cGVybG9neSIsInN1YiI6Imh5cGVybG9neSIsInJvb20iOiIxMjMiLCJleHAiOjE2MDE2MzYyMDkzNzV9.HBB0wUYyIzxTkuTh7vI_urJBAXDiygQs53pFiyGTDjUFmX1MVVYHVvUOA-u02-_ASaMrlZEmtMRwYjaFYO0DQ2c4e0sBCRGPOtEPlLxtZwKlrHaWVkcpQh6nLMXHAocAhn_Gw-dyKrAlquU_Zm_DWsLo83mkdNwng2vfGMMnO3aI4acscb-WEQT_z5rVSDcInNW96M0R3adupkLXo9OFYJDHxjUrc9QRRT0LggK6bSL0zaTDk6HQSwXGtn_7Fs92a-ORKtISqiu0WKx4x1e6t0BE_5IuYzl2SeYPNZoAfgF8eZ66TrDBo6dieceONd4l-FBKpoqxa1YNlFyDLNwD6w
PropertyTuple(data='/token-secret/public_key.pub', meta={})
PropertyTuple(data='/token-secret/private_key.pem', meta={})
eyJ0eXAiOiJKV1QiLCJhbGciOiJSUzI1NiJ9.eyJjb250ZXh0Ijp7ImlkIjoiYWJjZDphMWIyYzMtZDRlNWY2LTBhYmMxLTIzZGUtYWJjZGVmMDFmZWRjYmEiLCJuYW1lIjoiQmFvIFF1YW5nIFR1IiwiYXZhdGFyIjoiaHR0cHM6L2dyYXZhdGFyLmNvbS9hdmF0YXIvYWJjMTIzIiwiZW1haWwiOm51bGx9LCJpc3MiOiJqaXRzaS1tZWV0LWh5cGVybG9neSIsInN1YiI6Imh5cGVybG9neSIsInJvb20iOiIxMjMiLCJleHAiOjE2MDE2MzcwNDY2NDJ9.SdOPkftbYKWNx0qhQtImECs4JxD4o3kHdmE_ZZ4v6dHoQfEPJm02fJPSWssuME8Uyl0q41iv8ykmaeKYWnz4JQ2j1I85tGF4h13GJME9RQ3wTLR36cetfbCYVPa23UuEq5MC3cKQdcbsnL4YS_w73WjOzRmlDlP_8x5n7K4b41hXroVujzROHg0CIzdefXx4VLMOnZmSu0dnxTBGGjs59vvb2uUNI8b2zzrOj6v0IRkCoJAxh9dUrmX5iRVtOIVPZ2it1TWnMSJnt47PdldTVHVt6wqvxxl2XT7IYbx9x77dx2Xfntmb8gE8q6z7g3I3kxwTGK6rdaRGgVSISBfkXg
PropertyTuple(data='/token-secret/public_key.pub', meta={})
PropertyTuple(data='/token-secret/private_key.pem', meta={})
eyJ0eXAiOiJKV1QiLCJhbGciOiJSUzI1NiJ9.eyJjb250ZXh0Ijp7ImlkIjoiYWJjZDphMWIyYzMtZDRlNWY2LTBhYmMxLTIzZGUtYWJjZGVmMDFmZWRjYmEiLCJuYW1lIjoiQmFvIFF1YW5nIFR1IiwiYXZhdGFyIjoiaHR0cHM6L2dyYXZhdGFyLmNvbS9hdmF0YXIvYWJjMTIzIiwiZW1haWwiOm51bGx9LCJpc3MiOiJqaXRzaS1tZWV0LWh5cGVybG9neSIsInN1YiI6Imh5cGVybG9neSIsInJvb20iOiIxMjMiLCJleHAiOjE2MDE2MzcyODc3ODN9.Zga2MOphFw9k8VdmKZxAb6MbMW9rfHwlH-8Cmq9c_b0t3Av3abk8-zI6-5WZ8KUJkXvHRPsS4Dv49twwwwHAgNOmg-pBcpy6SO2LRZcorqv15P5k-ybDnbs2MxGSjUpyNcDbQr9BxZfQ6vlWxdkbuBqj_-ev33DIrl0zbxLQKDLY_pGvIavHHkNcKVjsul3-64KshsdID8-3gQKKFV2IeLBd2ftwEJC4glg8fJRtsnQqpEV8q6v0KMdsDcwLTUVzBldy5PX-FmqL3pH1017MqYGh2onkC8WSKI0v3Ra-eMXpFczX5f7p4vFQE2wCUqZ27KpvEMJ-EixyNgrwq5HloA
PropertyTuple(data='/token-secret/public_key.pub', meta={})
PropertyTuple(data='/token-secret/private_key.pem', meta={})
eyJ0eXAiOiJKV1QiLCJhbGciOiJSUzI1NiJ9.eyJjb250ZXh0Ijp7ImlkIjoiYWJjZDphMWIyYzMtZDRlNWY2LTBhYmMxLTIzZGUtYWJjZGVmMDFmZWRjYmEiLCJuYW1lIjoiQmFvIFF1YW5nIFR1IiwiYXZhdGFyIjoiaHR0cHM6L2dyYXZhdGFyLmNvbS9hdmF0YXIvYWJjMTIzIiwiZW1haWwiOm51bGx9LCJpc3MiOiJqaXRzaS1tZWV0LWh5cGVybG9neSIsInN1YiI6Imh5cGVybG9neSIsInJvb20iOiIxMjMiLCJleHAiOjE2MDE2MzcyODg1NTF9.SVsJUewkLTT9eG0nB5wPtUq6NHpkUQ4IS_pek03rhHCfj0lpCB9F-NaaokgoCEglIWwP3NbSgPpY3driKKqoht9Lgyo__1vWB0p4wu_-u0z_7gnSEkv9L23d6HVI4Ihllzov_LCVuI32wmsmWI2vfBjdUArB7D1QjyCFtDIbubW3ANCnZfUdBwXVCeYZQR1yxX63B3jYl2BkQxxJz9w4cq5wR5CSS8bq2a0SJoQfDBvqVL4u2XoPjHdZ1FN4Keld5gn0oSOabiPL0kdALyX8xSeC5oxKe1_K5b6gjCMhbt5md7y3WBqDskXB3ctcZ8i4PACozK_uux-Wl3ON5kNv6Q
PropertyTuple(data='/token-secret/public_key.pub', meta={})
PropertyTuple(data='/token-secret/private_key.pem', meta={})